#! /usr/bin/vvp
:ivl_version "13.0 (devel)" "(1c6f0e7-dirty)";
:ivl_delay_selection "TYPICAL";
:vpi_time_precision + 0;
:vpi_module "/usr/lib64/ivl/system.vpi";
:vpi_module "/usr/lib64/ivl/vhdl_sys.vpi";
:vpi_module "/usr/lib64/ivl/vhdl_textio.vpi";
:vpi_module "/usr/lib64/ivl/v2005_math.vpi";
:vpi_module "/usr/lib64/ivl/va_math.vpi";
S_0x5643886fa7d0 .scope module, "register" "register" 2 1;
 .timescale 0 0;
    .port_info 0 /INPUT 1 "a";
    .port_info 1 /OUTPUT 1 "b";
o0x7fccee0d6018 .functor BUFZ 1, c4<z>; HiZ drive
v0x5643886d6f20_0 .net "a", 0 0, o0x7fccee0d6018;  0 drivers
o0x7fccee0d6048 .functor BUFZ 1, c4<z>; HiZ drive
v0x56438871aef0_0 .net "b", 0 0, o0x7fccee0d6048;  0 drivers
# The file index is used to find the file name in the following table.
:file_names 3;
    "N/A";
    "<interactive>";
    "/home/daiwascarlet/riscv/components/basics/register.v";
